

*******************************************************************************
Wed Nov  2 12:28:57 2016


FIT:    data read from 'eos' using 1:2
        format = x:z
        #datapoints = 11
        residuals are weighted equally (unit weight)

function used for fitting: f(x)
	f(x) = m*x + b
fitted parameters initialized with current variable values

iter      chisq       delta/lim  lambda   m             b            
   0 2.7132111922e+05   0.00e+00  2.95e+00    1.000000e+00   1.000000e+00
   8 5.6503175687e+00  -1.46e-02  2.95e-08   -2.568701e+05   1.039106e+06

After 8 iterations the fit converged.
final sum of squares of residuals : 5.65032
rel. change during last iteration : -1.45676e-08

degrees of freedom    (FIT_NDF)                        : 9
rms of residuals      (FIT_STDFIT) = sqrt(WSSR/ndf)    : 0.792347
variance of residuals (reduced chisquare) = WSSR/ndf   : 0.627813

Final set of parameters            Asymptotic Standard Error
=======================            ==========================
m               = -256870          +/- 755.5        (0.2941%)
b               = 1.03911e+06      +/- 3056         (0.2941%)

correlation matrix of the fit parameters:
                m      b      
m               1.000 
b              -1.000  1.000 


*******************************************************************************
Wed Nov  2 12:32:54 2016


FIT:    data read from 'eos' using 1:2
        format = x:z
        #datapoints = 11
        residuals are weighted equally (unit weight)

function used for fitting: f(x)
	f(x) = m*x + b
fitted parameters initialized with current variable values

iter      chisq       delta/lim  lambda   m             b            
   0 2.7132111922e+05   0.00e+00  2.95e+00    1.000000e+00   1.000000e+00
   8 5.6503175687e+00  -1.46e-02  2.95e-08   -2.568701e+05   1.039106e+06

After 8 iterations the fit converged.
final sum of squares of residuals : 5.65032
rel. change during last iteration : -1.45676e-08

degrees of freedom    (FIT_NDF)                        : 9
rms of residuals      (FIT_STDFIT) = sqrt(WSSR/ndf)    : 0.792347
variance of residuals (reduced chisquare) = WSSR/ndf   : 0.627813

Final set of parameters            Asymptotic Standard Error
=======================            ==========================
m               = -256870          +/- 755.5        (0.2941%)
b               = 1.03911e+06      +/- 3056         (0.2941%)

correlation matrix of the fit parameters:
                m      b      
m               1.000 
b              -1.000  1.000 


*******************************************************************************
Wed Nov  2 12:44:02 2016


FIT:    data read from 'eos' using 1:2
        format = x:z
BREAK: No data to fit

*******************************************************************************
Wed Nov  2 12:45:48 2016


FIT:    data read from 'eos' using 1:2
        format = x:z
BREAK: No data to fit