+------------------------------------------------------------------------------+
|                                                                              |
| Atomistix ToolKit 2016.3 [Build 7eb51b6]                                     |
|                                                                              |
+------------------------------------------------------------------------------+
+----------------------------------------------------------+
| Bulk Bravais lattice                                     |
+----------------------------------------------------------+
Type:
FaceCenteredCubic

Lattice constants:
a =     4.348000 Ang
b =     4.348000 Ang
c =     4.348000 Ang

Lattice angles:
alpha =    90.000000 deg
beta  =    90.000000 deg
gamma =    90.000000 deg

Primitive vectors:
u_1 =      0.000000      2.174000      2.174000 Ang
u_2 =      2.174000      0.000000      2.174000 Ang
u_3 =      2.174000      2.174000      0.000000 Ang

+----------------------------------------------------------+
| Bulk: Cartesian (Angstrom) / fractional                  |
+----------------------------------------------------------+
2
Bulk
Si    0.000000e+00  0.000000e+00  0.000000e+00    0.00000  0.00000  0.00000
C     1.087000e+00  1.087000e+00  1.087000e+00    0.25000  0.25000  0.25000
+------------------------------------------------------------------------------+
|                                                                              |
| DFT Calculation  [Started Mon Dec 05 12:22:14 2016]                          |
|                                                                              |
+------------------------------------------------------------------------------+
+------------------------------------------------------------------------------+
|                                                                              |
| CPU Information                                                              |
|                                                                              |
+------------------------------------------------------------------------------+
|  Process ID 0 at pc                                                          |
+------------------------------------------------------------------------------+
+------------------------------------------------------------------------------+
|                                                                              |
| Size of dense matrices =    26 x    26 [0 MB per matrix]                     |
|                                                                              |
+------------------------------------------------------------------------------+

                            |--------------------------------------------------|
Calculating Kinetic Matrix : ==================================================

                            |--------------------------------------------------|
Calculating Nonlocal Part  : ==================================================
+------------------------------------------------------------------------------+
|                                                                              |
| Storage of orbitals in real space requires    17 MB.                         |
|                                                                              |
+------------------------------------------------------------------------------+
+------------------------------------------------------------------------------+
|                                                                              |
| Real space grid sampling is (23, 23, 23) in a, b, and c directions.          |
|                                                                              |
+------------------------------------------------------------------------------+
+------------------------------------------------------------------------------+
|                                                                              |
| Storage of atomic core grids requires     0 MB per grid                      |
|                                                                              |
+------------------------------------------------------------------------------+


TB09 correlation parameter =     1.11736766528226

+------------------------------------------------------------------------------+
| DiagonalizationSolver parallelization report.                                |
+------------------------------------------------------------------------------+
| Total number of processes: 1                                                 |
| Total number of k-points: 63                                                 |
| Processes per k-point: 1                                                     |
| Number of process groups: 1                                                  |
+------------------------------------------------------------------------------+

+------------------------------------------------------------------------------+
| Checkpoint Handler                                                           |
| Filename : c:\users\usuario\appdata\local\temp\checkpoint78983080.nc         |
| Interval : 0.5 h                                                             |
+------------------------------------------------------------------------------+

                            |--------------------------------------------------|
Calculating Eigenvalues    : ==================================================
Calculating Density Matrix : ==================================================


TB09 correlation parameter =     1.12409649052133

+------------------------------------------------------------------------------+
| Density Matrix Report                       DM        DD                     |
+------------------------------------------------------------------------------+
|   0  Si   [  0.000 ,  0.000 ,  0.000 ]    3.60864  -0.39136                  |
|   1   C   [  1.087 ,  1.087 ,  1.087 ]    4.39136   0.39136                  |
+------------------------------------------------------------------------------+
|   0 E = -3.05711 dE =  1.000000e+00 dH =  1.016697e-01                       |
+------------------------------------------------------------------------------+

                            |--------------------------------------------------|
Calculating Eigenvalues    : ==================================================
Calculating Density Matrix : ==================================================


TB09 correlation parameter =     1.12166471115320

+------------------------------------------------------------------------------+
| Density Matrix Report                       DM        DD                     |
+------------------------------------------------------------------------------+
|   0  Si   [  0.000 ,  0.000 ,  0.000 ]    3.67531  -0.32469                  |
|   1   C   [  1.087 ,  1.087 ,  1.087 ]    4.32469   0.32469                  |
+------------------------------------------------------------------------------+
|   1 E = -2.92924 dE =  1.278701e-01 dH =  8.213548e-02                       |
+------------------------------------------------------------------------------+

                            |--------------------------------------------------|
Calculating Eigenvalues    : ==================================================
Calculating Density Matrix : ==================================================


TB09 correlation parameter =     1.11428260271048

+------------------------------------------------------------------------------+
| Density Matrix Report                       DM        DD                     |
+------------------------------------------------------------------------------+
|   0  Si   [  0.000 ,  0.000 ,  0.000 ]    3.94855  -0.05145                  |
|   1   C   [  1.087 ,  1.087 ,  1.087 ]    4.05145   0.05145                  |
+------------------------------------------------------------------------------+
|   2 E = -2.92462 dE =  4.615666e-03 dH =  1.412219e-02                       |
+------------------------------------------------------------------------------+

                            |--------------------------------------------------|
Calculating Eigenvalues    : ==================================================
Calculating Density Matrix : ==================================================


TB09 correlation parameter =     1.11712027184111

+------------------------------------------------------------------------------+
| Density Matrix Report                       DM        DD                     |
+------------------------------------------------------------------------------+
|   0  Si   [  0.000 ,  0.000 ,  0.000 ]    3.97041  -0.02959                  |
|   1   C   [  1.087 ,  1.087 ,  1.087 ]    4.02959   0.02959                  |
+------------------------------------------------------------------------------+
|   3 E = -2.91839 dE =  6.231218e-03 dH =  8.397037e-03                       |
+------------------------------------------------------------------------------+

                            |--------------------------------------------------|
Calculating Eigenvalues    : ==================================================
Calculating Density Matrix : ==================================================


TB09 correlation parameter =     1.12224180678305

+------------------------------------------------------------------------------+
| Density Matrix Report                       DM        DD                     |
+------------------------------------------------------------------------------+
|   0  Si   [  0.000 ,  0.000 ,  0.000 ]    3.98851  -0.01149                  |
|   1   C   [  1.087 ,  1.087 ,  1.087 ]    4.01149   0.01149                  |
+------------------------------------------------------------------------------+
|   4 E = -2.90747 dE =  1.091971e-02 dH =  2.678165e-03                       |
+------------------------------------------------------------------------------+

                            |--------------------------------------------------|
Calculating Eigenvalues    : ==================================================
Calculating Density Matrix : ==================================================


TB09 correlation parameter =     1.12226869672754

+------------------------------------------------------------------------------+
| Density Matrix Report                       DM        DD                     |
+------------------------------------------------------------------------------+
|   0  Si   [  0.000 ,  0.000 ,  0.000 ]    4.00110   0.00110                  |
|   1   C   [  1.087 ,  1.087 ,  1.087 ]    3.99890  -0.00110                  |
+------------------------------------------------------------------------------+
|   5 E = -2.90447 dE =  3.001906e-03 dH =  3.194454e-03                       |
+------------------------------------------------------------------------------+

                            |--------------------------------------------------|
Calculating Eigenvalues    : ==================================================
Calculating Density Matrix : ==================================================


TB09 correlation parameter =     1.12318895141769

+------------------------------------------------------------------------------+
| Density Matrix Report                       DM        DD                     |
+------------------------------------------------------------------------------+
|   0  Si   [  0.000 ,  0.000 ,  0.000 ]    3.98819  -0.01181                  |
|   1   C   [  1.087 ,  1.087 ,  1.087 ]    4.01181   0.01181                  |
+------------------------------------------------------------------------------+
|   6 E = -2.90683 dE =  2.363426e-03 dH =  4.836440e-04                       |
+------------------------------------------------------------------------------+

                            |--------------------------------------------------|
Calculating Eigenvalues    : ==================================================
Calculating Density Matrix : ==================================================


TB09 correlation parameter =     1.12340450773642

+------------------------------------------------------------------------------+
| Density Matrix Report                       DM        DD                     |
+------------------------------------------------------------------------------+
|   0  Si   [  0.000 ,  0.000 ,  0.000 ]    3.98551  -0.01449                  |
|   1   C   [  1.087 ,  1.087 ,  1.087 ]    4.01449   0.01449                  |
+------------------------------------------------------------------------------+
|   7 E = -2.90428 dE =  2.557948e-03 dH =  7.329690e-04                       |
+------------------------------------------------------------------------------+

                            |--------------------------------------------------|
Calculating Eigenvalues    : ==================================================
Calculating Density Matrix : ==================================================


TB09 correlation parameter =     1.12341417890035

+------------------------------------------------------------------------------+
| Density Matrix Report                       DM        DD                     |
+------------------------------------------------------------------------------+
|   0  Si   [  0.000 ,  0.000 ,  0.000 ]    3.98624  -0.01376                  |
|   1   C   [  1.087 ,  1.087 ,  1.087 ]    4.01376   0.01376                  |
+------------------------------------------------------------------------------+
|   8 E = -2.90424 dE =  3.541570e-05 dH =  1.224445e-04                       |
+------------------------------------------------------------------------------+

                            |--------------------------------------------------|
Calculating Eigenvalues    : ==================================================
Calculating Density Matrix : ==================================================


TB09 correlation parameter =     1.12333590731787

+------------------------------------------------------------------------------+
| Density Matrix Report                       DM        DD                     |
+------------------------------------------------------------------------------+
|   0  Si   [  0.000 ,  0.000 ,  0.000 ]    3.98656  -0.01344                  |
|   1   C   [  1.087 ,  1.087 ,  1.087 ]    4.01344   0.01344                  |
+------------------------------------------------------------------------------+
|   9 E = -2.90414 dE =  1.042108e-04 dH =  1.506290e-04                       |
+------------------------------------------------------------------------------+

                            |--------------------------------------------------|
Calculating Eigenvalues    : ==================================================
Calculating Density Matrix : ==================================================


TB09 correlation parameter =     1.12334750349259

+------------------------------------------------------------------------------+
| Density Matrix Report                       DM        DD                     |
+------------------------------------------------------------------------------+
|   0  Si   [  0.000 ,  0.000 ,  0.000 ]    3.98651  -0.01349                  |
|   1   C   [  1.087 ,  1.087 ,  1.087 ]    4.01349   0.01349                  |
+------------------------------------------------------------------------------+
|  10 E = -2.90357 dE =  5.606612e-04 dH =  1.034172e-04                       |
+------------------------------------------------------------------------------+

                            |--------------------------------------------------|
Calculating Eigenvalues    : ==================================================
Calculating Density Matrix : ==================================================


TB09 correlation parameter =     1.12341123647698

+------------------------------------------------------------------------------+
| Density Matrix Report                       DM        DD                     |
+------------------------------------------------------------------------------+
|   0  Si   [  0.000 ,  0.000 ,  0.000 ]    3.98625  -0.01375                  |
|   1   C   [  1.087 ,  1.087 ,  1.087 ]    4.01375   0.01375                  |
+------------------------------------------------------------------------------+
|  11 E = -2.90355 dE =  2.212880e-05 dH =  6.967581e-05                       |
+------------------------------------------------------------------------------+
| Calculation Converged in 11 steps                                            |
|                                                                              |
| Fermi Level  = -2.853868 eV                                                  |
+------------------------------------------------------------------------------+
+------------------------------------------------------------------------------+
|                                                                              |
| DFT Calculation  [Finished Mon Dec 05 12:22:49 2016]                         |
|                                                                              |
+------------------------------------------------------------------------------+
+------------------------------------------------------------------------------+
|                                                                              |
| Density of States Analysis                                                   |
|                                                                              |
+------------------------------------------------------------------------------+

                            |--------------------------------------------------|
Calculating DOS            : =================================================


                            |--------------------------------------------------|
Tetrahedron Spectrum       : ==================================================
+------------------------------------------------------------------------------+
| Density of States Report                                                     |
| ---------------------------------------------------------------------------- |
| Fermi level = -2.853868e+00                                                  |
| Unit = eV                                                                    |
| ---------------------------------------------------------------------------- |
| energy (eV)    DOS up (1/eV)    DOS down (1/eV)                              |
| -16.332039       0.000000       0.000000                                     |
| -16.230911       0.000001       0.000001                                     |
| -16.129784       0.006775       0.006775                                     |
| -16.028657       0.026802       0.026802                                     |
| -15.927530       0.036764       0.036764                                     |
| -15.826403       0.045760       0.045760                                     |
| -15.725276       0.055128       0.055128                                     |
| -15.624148       0.064865       0.064865                                     |
| -15.523021       0.083206       0.083206                                     |
| -15.421894       0.101360       0.101360                                     |
| -15.320767       0.114503       0.114503                                     |
| -15.219640       0.101601       0.101601                                     |
| -15.118513       0.106633       0.106633                                     |
| -15.017385       0.111961       0.111961                                     |
| -14.916258       0.117445       0.117445                                     |
| -14.815131       0.121666       0.121666                                     |
| -14.714004       0.126754       0.126754                                     |
| -14.612877       0.132709       0.132709                                     |
| -14.511749       0.140079       0.140079                                     |
| -14.410622       0.148109       0.148109                                     |
| -14.309495       0.156633       0.156633                                     |
| -14.208368       0.168104       0.168104                                     |
| -14.107241       0.180794       0.180794                                     |
| -14.006114       0.191507       0.191507                                     |
| -13.904986       0.203676       0.203676                                     |
| -13.803859       0.219159       0.219159                                     |
| -13.702732       0.234168       0.234168                                     |
| -13.601605       0.246169       0.246169                                     |
| -13.500478       0.257688       0.257688                                     |
| -13.399351       0.271860       0.271860                                     |
| -13.298223       0.287849       0.287849                                     |
| -13.197096       0.306962       0.306962                                     |
| -13.095969       0.343071       0.343071                                     |
| -12.994842       0.344261       0.344261                                     |
| -12.893715       0.350266       0.350266                                     |
| -12.792588       0.360075       0.360075                                     |
| -12.691460       0.374684       0.374684                                     |
| -12.590333       0.418153       0.418153                                     |
| -12.489206       0.422295       0.422295                                     |
| -12.388079       0.404022       0.404022                                     |
| -12.286952       0.398858       0.398858                                     |
| -12.185824       0.396080       0.396080                                     |
| -12.084697       0.383697       0.383697                                     |
| -11.983570       0.361710       0.361710                                     |
| -11.882443       0.330321       0.330321                                     |
| -11.781316       0.303509       0.303509                                     |
| -11.680189       0.242346       0.242346                                     |
| -11.579061       0.075253       0.075253                                     |
| -11.477934       0.000000       0.000000                                     |
| -11.376807       0.000000       0.000000                                     |
| -11.275680       0.000000       0.000000                                     |
| -11.174553       0.000000       0.000000                                     |
| -11.073426       0.000000       0.000000                                     |
| -10.972298       0.000000       0.000000                                     |
| -10.871171       0.000000       0.000000                                     |
| -10.770044       0.000000       0.000000                                     |
| -10.668917       0.000000       0.000000                                     |
| -10.567790       0.000000       0.000000                                     |
| -10.466663       0.000000       0.000000                                     |
| -10.365535       0.000000       0.000000                                     |
| -10.264408       0.000000       0.000000                                     |
| -10.163281       0.000000       0.000000                                     |
| -10.062154       0.000000       0.000000                                     |
|  -9.961027       0.000000       0.000000                                     |
|  -9.859899       0.000000       0.000000                                     |
|  -9.758772       0.000000       0.000000                                     |
|  -9.657645       0.000000       0.000000                                     |
|  -9.556518       0.000000       0.000000                                     |
|  -9.455391       0.000000       0.000000                                     |
|  -9.354264       0.000000       0.000000                                     |
|  -9.253136       0.000546       0.000546                                     |
|  -9.152009       0.003958       0.003958                                     |
|  -9.050882       0.010495       0.010495                                     |
|  -8.949755       0.067756       0.067756                                     |
|  -8.848628       0.073166       0.073166                                     |
|  -8.747501       0.095351       0.095351                                     |
|  -8.646373       0.131946       0.131946                                     |
|  -8.545246       0.185594       0.185594                                     |
|  -8.444119       0.257547       0.257547                                     |
|  -8.342992       0.357872       0.357872                                     |
|  -8.241865       0.535980       0.535980                                     |
|  -8.140738       0.721340       0.721340                                     |
|  -8.039610       0.817673       0.817673                                     |
|  -7.938483       0.733511       0.733511                                     |
|  -7.837356       0.554741       0.554741                                     |
|  -7.736229       0.458831       0.458831                                     |
|  -7.635102       0.383284       0.383284                                     |
|  -7.533974       0.324022       0.324022                                     |
|  -7.432847       0.278944       0.278944                                     |
|  -7.331720       0.243473       0.243473                                     |
|  -7.230593       0.224470       0.224470                                     |
|  -7.129466       0.209113       0.209113                                     |
|  -7.028339       0.195623       0.195623                                     |
|  -6.927211       0.185095       0.185095                                     |
|  -6.826084       0.175245       0.175245                                     |
|  -6.724957       0.165924       0.165924                                     |
|  -6.623830       0.157130       0.157130                                     |
|  -6.522703       0.148971       0.148971                                     |
|  -6.421576       0.141430       0.141430                                     |
|  -6.320448       0.214950       0.214950                                     |
|  -6.219321       0.221065       0.221065                                     |
|  -6.118194       0.254538       0.254538                                     |
|  -6.017067       0.288278       0.288278                                     |
|  -5.915940       0.322283       0.322283                                     |
|  -5.814813       0.356541       0.356541                                     |
|  -5.713685       0.385387       0.385387                                     |
|  -5.612558       0.425769       0.425769                                     |
|  -5.511431       0.431507       0.431507                                     |
|  -5.410304       0.433449       0.433449                                     |
|  -5.309177       0.431221       0.431221                                     |
|  -5.208049       0.422031       0.422031                                     |
|  -5.106922       0.407644       0.407644                                     |
|  -5.005795       0.438170       0.438170                                     |
|  -4.904668       0.405306       0.405306                                     |
|  -4.803541       0.410288       0.410288                                     |
|  -4.702414       0.427706       0.427706                                     |
|  -4.601286       0.443953       0.443953                                     |
|  -4.500159       0.529083       0.529083                                     |
|  -4.399032       0.575172       0.575172                                     |
|  -4.297905       0.640729       0.640729                                     |
|  -4.196778       0.780024       0.780024                                     |
|  -4.095651       0.715713       0.715713                                     |
|  -3.994523       0.686228       0.686228                                     |
|  -3.893396       0.651754       0.651754                                     |
|  -3.792269       0.615256       0.615256                                     |
|  -3.691142       0.631996       0.631996                                     |
|  -3.590015       0.637254       0.637254                                     |
|  -3.488888       0.641662       0.641662                                     |
|  -3.387760       0.662684       0.662684                                     |
|  -3.286633       0.671059       0.671059                                     |
|  -3.185506       0.662806       0.662806                                     |
|  -3.084379       0.643119       0.643119                                     |
|  -2.983252       0.620261       0.620261                                     |
|  -2.882124       0.577582       0.577582                                     |
|  -2.780997       0.544982       0.544982                                     |
|  -2.679870       0.591952       0.591952                                     |
|  -2.578743       0.523215       0.523215                                     |
|  -2.477616       0.450576       0.450576                                     |
|  -2.376489       0.397642       0.397642                                     |
|  -2.275361       0.346256       0.346256                                     |
|  -2.174234       0.302951       0.302951                                     |
|  -2.073107       0.264165       0.264165                                     |
|  -1.971980       0.220842       0.220842                                     |
|  -1.870853       0.181692       0.181692                                     |
|  -1.769726       0.158380       0.158380                                     |
|  -1.668598       0.098974       0.098974                                     |
|  -1.567471       0.046984       0.046984                                     |
|  -1.466344       0.000000       0.000000                                     |
|  -1.365217       0.000000       0.000000                                     |
|  -1.264090       0.000000       0.000000                                     |
|  -1.162963       0.000000       0.000000                                     |
|  -1.061835       0.000000       0.000000                                     |
|  -0.960708       0.000000       0.000000                                     |
|  -0.859581       0.000000       0.000000                                     |
|  -0.758454       0.000000       0.000000                                     |
|  -0.657327       0.000000       0.000000                                     |
|  -0.556199       0.000000       0.000000                                     |
|  -0.455072       0.000000       0.000000                                     |
|  -0.353945       0.000000       0.000000                                     |
|  -0.252818       0.000000       0.000000                                     |
|  -0.151691       0.000000       0.000000                                     |
|  -0.050564       0.000000       0.000000                                     |
|   0.050564       0.000000       0.000000                                     |
|   0.151691       0.000000       0.000000                                     |
|   0.252818       0.000000       0.000000                                     |
|   0.353945       0.000000       0.000000                                     |
|   0.455072       0.000000       0.000000                                     |
|   0.556199       0.000000       0.000000                                     |
|   0.657327       0.000000       0.000000                                     |
|   0.758454       0.000000       0.000000                                     |
|   0.859581       0.000000       0.000000                                     |
|   0.960708       0.000000       0.000000                                     |
|   1.061835       0.000000       0.000000                                     |
|   1.162963       0.000000       0.000000                                     |
|   1.264090       0.000000       0.000000                                     |
|   1.365217       0.000004       0.000004                                     |
|   1.466344       0.000997       0.000997                                     |
|   1.567471       0.003750       0.003750                                     |
|   1.668598       0.008264       0.008264                                     |
|   1.769726       0.014539       0.014539                                     |
|   1.870853       0.022574       0.022574                                     |
|   1.971980       0.032370       0.032370                                     |
|   2.073107       0.042870       0.042870                                     |
|   2.174234       0.053584       0.053584                                     |
|   2.275361       0.065437       0.065437                                     |
|   2.376489       0.078430       0.078430                                     |
|   2.477616       0.092561       0.092561                                     |
|   2.578743       0.080564       0.080564                                     |
|   2.679870       0.088490       0.088490                                     |
|   2.780997       0.098316       0.098316                                     |
|   2.882124       0.109519       0.109519                                     |
|   2.983252       0.121773       0.121773                                     |
|   3.084379       0.135077       0.135077                                     |
|   3.185506       0.159719       0.159719                                     |
|   3.286633       0.197216       0.197216                                     |
|   3.387760       0.220243       0.220243                                     |
|   3.488888       0.239841       0.239841                                     |
|   3.590015       0.257428       0.257428                                     |
|   3.691142       0.273005       0.273005                                     |
|   3.792269       0.286571       0.286571                                     |
|   3.893396       0.298127       0.298127                                     |
|   3.994523       0.308279       0.308279                                     |
|   4.095651       0.319155       0.319155                                     |
|   4.196778       0.330939       0.330939                                     |
|   4.297905       0.353452       0.353452                                     |
|   4.399032       0.426192       0.426192                                     |
|   4.500159       0.442753       0.442753                                     |
|   4.601286       0.462631       0.462631                                     |
|   4.702414       0.415025       0.415025                                     |
|   4.803541       0.374447       0.374447                                     |
|   4.904668       0.353663       0.353663                                     |
|   5.005795       0.335255       0.335255                                     |
|   5.106922       0.320311       0.320311                                     |
|   5.208049       0.308832       0.308832                                     |
|   5.309177       0.418528       0.418528                                     |
|   5.410304       0.380671       0.380671                                     |
|   5.511431       0.361466       0.361466                                     |
|   5.612558       0.333976       0.333976                                     |
|   5.713685       0.300385       0.300385                                     |
|   5.814813       0.267017       0.267017                                     |
|   5.915940       0.247328       0.247328                                     |
|   6.017067       0.209964       0.209964                                     |
|   6.118194       0.192246       0.192246                                     |
|   6.219321       0.188016       0.188016                                     |
|   6.320448       0.190135       0.190135                                     |
|   6.421576       0.195674       0.195674                                     |
|   6.522703       0.207361       0.207361                                     |
|   6.623830       0.216151       0.216151                                     |
|   6.724957       0.242922       0.242922                                     |
|   6.826084       0.280065       0.280065                                     |
|   6.927211       0.393466       0.393466                                     |
|   7.028339       0.459295       0.459295                                     |
|   7.129466       0.504979       0.504979                                     |
|   7.230593       0.607442       0.607442                                     |
|   7.331720       0.739056       0.739056                                     |
|   7.432847       0.982864       0.982864                                     |
|   7.533974       0.926601       0.926601                                     |
|   7.635102       0.864078       0.864078                                     |
|   7.736229       0.752783       0.752783                                     |
|   7.837356       0.888639       0.888639                                     |
|   7.938483       0.577791       0.577791                                     |
|   8.039610       0.490022       0.490022                                     |
|   8.140738       0.418998       0.418998                                     |
|   8.241865       0.395737       0.395737                                     |
|   8.342992       0.381815       0.381815                                     |
|   8.444119       0.380279       0.380279                                     |
|   8.545246       0.382708       0.382708                                     |
|   8.646373       0.363591       0.363591                                     |
|   8.747501       0.346913       0.346913                                     |
|   8.848628       0.369689       0.369689                                     |
|   8.949755       0.384630       0.384630                                     |
|   9.050882       0.364065       0.364065                                     |
|   9.152009       0.359423       0.359423                                     |
|   9.253136       0.370670       0.370670                                     |
|   9.354264       0.397580       0.397580                                     |
|   9.455391       0.427515       0.427515                                     |
|   9.556518       0.417100       0.417100                                     |
|   9.657645       0.439702       0.439702                                     |
|   9.758772       0.467801       0.467801                                     |
|   9.859899       0.482019       0.482019                                     |
|   9.961027       0.482488       0.482488                                     |
|  10.062154       0.469210       0.469210                                     |
|  10.163281       0.468263       0.468263                                     |
|  10.264408       0.472502       0.472502                                     |
|  10.365535       0.478382       0.478382                                     |
|  10.466663       0.474777       0.474777                                     |
|  10.567790       0.450967       0.450967                                     |
|  10.668917       0.406071       0.406071                                     |
|  10.770044       0.394575       0.394575                                     |
|  10.871171       0.404023       0.404023                                     |
|  10.972298       0.420541       0.420541                                     |
|  11.073426       0.443446       0.443446                                     |
|  11.174553       0.503241       0.503241                                     |
|  11.275680       0.496933       0.496933                                     |
|  11.376807       0.486613       0.486613                                     |
|  11.477934       0.470212       0.470212                                     |
|  11.579061       0.453249       0.453249                                     |
|  11.680189       0.442328       0.442328                                     |
|  11.781316       0.459748       0.459748                                     |
|  11.882443       0.519246       0.519246                                     |
|  11.983570       0.688558       0.688558                                     |
|  12.084697       0.524536       0.524536                                     |
|  12.185824       0.435846       0.435846                                     |
|  12.286952       0.355368       0.355368                                     |
|  12.388079       0.328148       0.328148                                     |
|  12.489206       0.315115       0.315115                                     |
|  12.590333       0.309773       0.309773                                     |
|  12.691460       0.308639       0.308639                                     |
|  12.792588       0.310149       0.310149                                     |
|  12.893715       0.312662       0.312662                                     |
|  12.994842       0.324111       0.324111                                     |
|  13.095969       0.349053       0.349053                                     |
|  13.197096       0.382420       0.382420                                     |
|  13.298223       0.436217       0.436217                                     |
|  13.399351       0.425596       0.425596                                     |
|  13.500478       0.442917       0.442917                                     |
|  13.601605       0.458517       0.458517                                     |
|  13.702732       0.477813       0.477813                                     |
|  13.803859       0.508301       0.508301                                     |
|  13.904986       0.546338       0.546338                                     |
|  14.006114       0.548643       0.548643                                     |
|  14.107241       0.589498       0.589498                                     |
|  14.208368       0.665276       0.665276                                     |
|  14.309495       0.608413       0.608413                                     |
|  14.410622       0.594985       0.594985                                     |
|  14.511749       0.529278       0.529278                                     |
|  14.612877       0.462125       0.462125                                     |
|  14.714004       0.394998       0.394998                                     |
|  14.815131       0.328569       0.328569                                     |
|  14.916258       0.265799       0.265799                                     |
|  15.017385       0.216199       0.216199                                     |
|  15.118513       0.184676       0.184676                                     |
|  15.219640       0.185990       0.185990                                     |
|  15.320767       0.189574       0.189574                                     |
|  15.421894       0.205282       0.205282                                     |
|  15.523021       0.219644       0.219644                                     |
|  15.624148       0.232050       0.232050                                     |
|  15.725276       0.246483       0.246483                                     |
|  15.826403       0.264381       0.264381                                     |
|  15.927530       0.285900       0.285900                                     |
|  16.028657       0.308877       0.308877                                     |
|  16.129784       0.335543       0.335543                                     |
|  16.230911       0.362162       0.362162                                     |
|  16.332039       0.384800       0.384800                                     |
+------------------------------------------------------------------------------+
+------------------------------------------------------------------------------+
|                                                                              |
| Size of dense matrices =    26 x    26 [0 MB per matrix]                     |
|                                                                              |
+------------------------------------------------------------------------------+
+------------------------------------------------------------------------------+
|                                                                              |
| Real space grid sampling is (23, 23, 23) in a, b, and c directions.          |
|                                                                              |
+------------------------------------------------------------------------------+
+------------------------------------------------------------------------------+
|                                                                              |
| Storage of atomic core grids requires     0 MB per grid                      |
|                                                                              |
+------------------------------------------------------------------------------+


Timing:                          Total     Per Step        %

--------------------------------------------------------------------------------

Exchange-Correlation    :      21.34 s       1.64 s      49.37% |=============|
Valence Density         :       3.64 s       0.28 s       8.43% |=|
Loading Modules + MPI   :       3.56 s       3.56 s       8.24% |=|
Constant Terms          :       3.46 s       3.46 s       8.01% |=|
Diagonalization         :       3.07 s       0.26 s       7.09% |=|
Real Space Integral     :       2.93 s       0.23 s       6.78% |=|
Real Space Basis        :       0.17 s       0.17 s       0.40% |
Basis Set Generation    :       0.12 s       0.12 s       0.28% |
Mixing                  :       0.08 s       0.01 s       0.18% |
Difference Density      :       0.07 s       0.01 s       0.16% |
Neutral Atom Potential  :       0.06 s       0.06 s       0.13% |
Hartree Potential       :       0.03 s       0.00 s       0.08% |
Core Density            :       0.02 s       0.00 s       0.05% |
File IO, nlsave         :       0.02 s       0.01 s       0.04% |
Setting Density Matrix  :       0.00 s       0.00 s       0.00% |
Hubbard Term            :       0.00 s       0.00 s       0.00% |
Fixed Spins Term        :       0.00 s       0.00 s       0.00% |
--------------------------------------------------------------------------------
Total                   :      43.22 s
